{"timestamp": "2025-11-17T20:47:02.123051Z", "level": "INFO", "logger": "dq_logger", "message": "Logging configured", "taskName": null, "component": "logging_setup", "asctime": "2025-11-17 15:47:02"}
{"timestamp": "2025-11-17T20:47:02.124490Z", "level": "INFO", "logger": "dq_logger", "message": "Starting dataset quality checker", "taskName": null, "event": "start", "path": "examples\\sample_dataset.csv", "asctime": "2025-11-17 15:47:02"}
{"timestamp": "2025-11-17T20:47:02.125197Z", "level": "INFO", "logger": "dq_logger", "message": "Loading dataset", "taskName": null, "event": "load_start", "path": "examples\\sample_dataset.csv", "asctime": "2025-11-17 15:47:02"}
{"timestamp": "2025-11-17T20:47:02.143681Z", "level": "INFO", "logger": "dq_logger", "message": "Dataset loaded", "taskName": null, "event": "load_done", "path": "examples\\sample_dataset.csv", "n_rows": 20, "n_cols": 10, "asctime": "2025-11-17 15:47:02"}
{"timestamp": "2025-11-17T20:47:02.147229Z", "level": "WARNING", "logger": "dq_logger", "message": "Missing values detected", "taskName": null, "event": "missing_values", "column": "age", "missing_count": 1, "asctime": "2025-11-17 15:47:02"}
{"timestamp": "2025-11-17T20:47:02.147489Z", "level": "WARNING", "logger": "dq_logger", "message": "Missing values detected", "taskName": null, "event": "missing_values", "column": "income", "missing_count": 2, "asctime": "2025-11-17 15:47:02"}
{"timestamp": "2025-11-17T20:47:02.147646Z", "level": "WARNING", "logger": "dq_logger", "message": "Missing values detected", "taskName": null, "event": "missing_values", "column": "city", "missing_count": 2, "asctime": "2025-11-17 15:47:02"}
{"timestamp": "2025-11-17T20:47:02.158577Z", "level": "WARNING", "logger": "dq_logger", "message": "Negative values found in numeric column", "taskName": null, "event": "negative_values", "column": "age", "negative_count": 1, "asctime": "2025-11-17 15:47:02"}
{"timestamp": "2025-11-17T20:47:02.165657Z", "level": "INFO", "logger": "dq_logger", "message": "Column summary", "taskName": null, "event": "column_summary", "column": "id", "dtype": "int64", "unique_values": 20, "asctime": "2025-11-17 15:47:02"}
{"timestamp": "2025-11-17T20:47:02.168620Z", "level": "INFO", "logger": "dq_logger", "message": "Column summary", "taskName": null, "event": "column_summary", "column": "user_id", "dtype": "object", "unique_values": 20, "asctime": "2025-11-17 15:47:02"}
{"timestamp": "2025-11-17T20:47:02.169431Z", "level": "INFO", "logger": "dq_logger", "message": "Column summary", "taskName": null, "event": "column_summary", "column": "age", "dtype": "float64", "unique_values": 19, "asctime": "2025-11-17 15:47:02"}
{"timestamp": "2025-11-17T20:47:02.169741Z", "level": "INFO", "logger": "dq_logger", "message": "Column summary", "taskName": null, "event": "column_summary", "column": "income", "dtype": "float64", "unique_values": 18, "asctime": "2025-11-17 15:47:02"}
{"timestamp": "2025-11-17T20:47:02.169997Z", "level": "INFO", "logger": "dq_logger", "message": "Column summary", "taskName": null, "event": "column_summary", "column": "city", "dtype": "object", "unique_values": 9, "asctime": "2025-11-17 15:47:02"}
{"timestamp": "2025-11-17T20:47:02.170224Z", "level": "INFO", "logger": "dq_logger", "message": "Column summary", "taskName": null, "event": "column_summary", "column": "country", "dtype": "object", "unique_values": 1, "asctime": "2025-11-17 15:47:02"}
{"timestamp": "2025-11-17T20:47:02.170426Z", "level": "INFO", "logger": "dq_logger", "message": "Column summary", "taskName": null, "event": "column_summary", "column": "segment", "dtype": "object", "unique_values": 1, "asctime": "2025-11-17 15:47:02"}
{"timestamp": "2025-11-17T20:47:02.170625Z", "level": "INFO", "logger": "dq_logger", "message": "Column summary", "taskName": null, "event": "column_summary", "column": "signup_days_ago", "dtype": "int64", "unique_values": 17, "asctime": "2025-11-17 15:47:02"}
{"timestamp": "2025-11-17T20:47:02.170815Z", "level": "INFO", "logger": "dq_logger", "message": "Column summary", "taskName": null, "event": "column_summary", "column": "churned", "dtype": "int64", "unique_values": 2, "asctime": "2025-11-17 15:47:02"}
{"timestamp": "2025-11-17T20:47:02.171071Z", "level": "INFO", "logger": "dq_logger", "message": "Column summary", "taskName": null, "event": "column_summary", "column": "num_logins", "dtype": "int64", "unique_values": 18, "asctime": "2025-11-17 15:47:02"}
{"timestamp": "2025-11-17T20:47:02.171784Z", "level": "WARNING", "logger": "dq_logger", "message": "Constant column detected", "taskName": null, "event": "constant_column", "column": "country", "asctime": "2025-11-17 15:47:02"}
{"timestamp": "2025-11-17T20:47:02.172066Z", "level": "WARNING", "logger": "dq_logger", "message": "Constant column detected", "taskName": null, "event": "constant_column", "column": "segment", "asctime": "2025-11-17 15:47:02"}
{"timestamp": "2025-11-17T20:47:02.172630Z", "level": "WARNING", "logger": "dq_logger", "message": "High-cardinality categorical column detected", "taskName": null, "event": "high_cardinality", "column": "user_id", "unique_values": 20, "threshold": 5, "asctime": "2025-11-17 15:47:02"}
{"timestamp": "2025-11-17T20:47:02.172913Z", "level": "WARNING", "logger": "dq_logger", "message": "High-cardinality categorical column detected", "taskName": null, "event": "high_cardinality", "column": "city", "unique_values": 9, "threshold": 5, "asctime": "2025-11-17 15:47:02"}
{"timestamp": "2025-11-17T20:47:02.174019Z", "level": "WARNING", "logger": "dq_logger", "message": "Out-of-range values detected", "taskName": null, "event": "out_of_range", "column": "age", "min_allowed": 0.0, "max_allowed": 120.0, "actual_min": -3.0, "actual_max": 140.0, "out_of_range_count": 3, "asctime": "2025-11-17 15:47:02"}
{"timestamp": "2025-11-17T20:47:02.174256Z", "level": "INFO", "logger": "dq_logger", "message": "Quality checks completed", "taskName": null, "event": "quality_done", "path": "examples\\sample_dataset.csv", "asctime": "2025-11-17 15:47:02"}
{"timestamp": "2025-11-17T20:58:27.789004Z", "level": "INFO", "logger": "dq_logger", "message": "Logging configured", "taskName": null, "component": "logging_setup", "asctime": "2025-11-17 15:58:27"}
{"timestamp": "2025-11-17T20:58:27.790985Z", "level": "INFO", "logger": "dq_logger", "message": "Starting dataset quality checker", "taskName": null, "event": "start", "path": "examples\\sample_dataset.csv", "asctime": "2025-11-17 15:58:27"}
{"timestamp": "2025-11-17T20:58:27.791554Z", "level": "INFO", "logger": "dq_logger", "message": "Loading dataset", "taskName": null, "event": "load_start", "path": "examples\\sample_dataset.csv", "asctime": "2025-11-17 15:58:27"}
{"timestamp": "2025-11-17T20:58:27.809930Z", "level": "INFO", "logger": "dq_logger", "message": "Dataset loaded", "taskName": null, "event": "load_done", "path": "examples\\sample_dataset.csv", "n_rows": 20, "n_cols": 10, "asctime": "2025-11-17 15:58:27"}
{"timestamp": "2025-11-17T20:58:27.811616Z", "level": "WARNING", "logger": "dq_logger", "message": "Missing values detected", "taskName": null, "event": "missing_values", "column": "age", "missing_count": 1, "asctime": "2025-11-17 15:58:27"}
{"timestamp": "2025-11-17T20:58:27.811893Z", "level": "WARNING", "logger": "dq_logger", "message": "Missing values detected", "taskName": null, "event": "missing_values", "column": "income", "missing_count": 2, "asctime": "2025-11-17 15:58:27"}
{"timestamp": "2025-11-17T20:58:27.812098Z", "level": "WARNING", "logger": "dq_logger", "message": "Missing values detected", "taskName": null, "event": "missing_values", "column": "city", "missing_count": 2, "asctime": "2025-11-17 15:58:27"}
{"timestamp": "2025-11-17T20:58:27.820617Z", "level": "WARNING", "logger": "dq_logger", "message": "Negative values found in numeric column", "taskName": null, "event": "negative_values", "column": "age", "negative_count": 1, "asctime": "2025-11-17 15:58:27"}
{"timestamp": "2025-11-17T20:58:27.825840Z", "level": "INFO", "logger": "dq_logger", "message": "Column summary", "taskName": null, "event": "column_summary", "column": "id", "dtype": "int64", "unique_values": 20, "asctime": "2025-11-17 15:58:27"}
{"timestamp": "2025-11-17T20:58:27.828111Z", "level": "INFO", "logger": "dq_logger", "message": "Column summary", "taskName": null, "event": "column_summary", "column": "user_id", "dtype": "object", "unique_values": 20, "asctime": "2025-11-17 15:58:27"}
{"timestamp": "2025-11-17T20:58:27.828933Z", "level": "INFO", "logger": "dq_logger", "message": "Column summary", "taskName": null, "event": "column_summary", "column": "age", "dtype": "float64", "unique_values": 19, "asctime": "2025-11-17 15:58:27"}
{"timestamp": "2025-11-17T20:58:27.829447Z", "level": "INFO", "logger": "dq_logger", "message": "Column summary", "taskName": null, "event": "column_summary", "column": "income", "dtype": "float64", "unique_values": 18, "asctime": "2025-11-17 15:58:27"}
{"timestamp": "2025-11-17T20:58:27.829861Z", "level": "INFO", "logger": "dq_logger", "message": "Column summary", "taskName": null, "event": "column_summary", "column": "city", "dtype": "object", "unique_values": 9, "asctime": "2025-11-17 15:58:27"}
{"timestamp": "2025-11-17T20:58:27.830157Z", "level": "INFO", "logger": "dq_logger", "message": "Column summary", "taskName": null, "event": "column_summary", "column": "country", "dtype": "object", "unique_values": 1, "asctime": "2025-11-17 15:58:27"}
{"timestamp": "2025-11-17T20:58:27.830407Z", "level": "INFO", "logger": "dq_logger", "message": "Column summary", "taskName": null, "event": "column_summary", "column": "segment", "dtype": "object", "unique_values": 1, "asctime": "2025-11-17 15:58:27"}
{"timestamp": "2025-11-17T20:58:27.830699Z", "level": "INFO", "logger": "dq_logger", "message": "Column summary", "taskName": null, "event": "column_summary", "column": "signup_days_ago", "dtype": "int64", "unique_values": 17, "asctime": "2025-11-17 15:58:27"}
{"timestamp": "2025-11-17T20:58:27.830958Z", "level": "INFO", "logger": "dq_logger", "message": "Column summary", "taskName": null, "event": "column_summary", "column": "churned", "dtype": "int64", "unique_values": 2, "asctime": "2025-11-17 15:58:27"}
{"timestamp": "2025-11-17T20:58:27.831234Z", "level": "INFO", "logger": "dq_logger", "message": "Column summary", "taskName": null, "event": "column_summary", "column": "num_logins", "dtype": "int64", "unique_values": 18, "asctime": "2025-11-17 15:58:27"}
{"timestamp": "2025-11-17T20:58:27.832077Z", "level": "WARNING", "logger": "dq_logger", "message": "Constant column detected", "taskName": null, "event": "constant_column", "column": "country", "asctime": "2025-11-17 15:58:27"}
{"timestamp": "2025-11-17T20:58:27.832417Z", "level": "WARNING", "logger": "dq_logger", "message": "Constant column detected", "taskName": null, "event": "constant_column", "column": "segment", "asctime": "2025-11-17 15:58:27"}
{"timestamp": "2025-11-17T20:58:27.833078Z", "level": "WARNING", "logger": "dq_logger", "message": "High-cardinality categorical column detected", "taskName": null, "event": "high_cardinality", "column": "user_id", "unique_values": 20, "threshold": 5, "asctime": "2025-11-17 15:58:27"}
{"timestamp": "2025-11-17T20:58:27.833322Z", "level": "WARNING", "logger": "dq_logger", "message": "High-cardinality categorical column detected", "taskName": null, "event": "high_cardinality", "column": "city", "unique_values": 9, "threshold": 5, "asctime": "2025-11-17 15:58:27"}
{"timestamp": "2025-11-17T20:58:27.834373Z", "level": "WARNING", "logger": "dq_logger", "message": "Out-of-range values detected", "taskName": null, "event": "out_of_range", "column": "age", "min_allowed": 0.0, "max_allowed": 120.0, "actual_min": -3.0, "actual_max": 140.0, "out_of_range_count": 3, "asctime": "2025-11-17 15:58:27"}
{"timestamp": "2025-11-17T20:58:27.834632Z", "level": "INFO", "logger": "dq_logger", "message": "Quality checks completed", "taskName": null, "event": "quality_done", "path": "examples\\sample_dataset.csv", "asctime": "2025-11-17 15:58:27"}
{"timestamp": "2025-11-17T20:58:27.837401Z", "level": "INFO", "logger": "dq_logger", "message": "Dataset quality summary written", "taskName": null, "event": "summary_written", "output_path": "examples\\sample_dataset.quality_summary.json", "asctime": "2025-11-17 15:58:27"}
{"timestamp": "2025-11-17T21:55:02.399696Z", "level": "INFO", "logger": "dq_logger", "message": "Logging configured", "taskName": null, "component": "logging_setup", "asctime": "2025-11-17 16:55:02"}
{"timestamp": "2025-11-17T21:55:02.402364Z", "level": "INFO", "logger": "dq_logger", "message": "Starting dataset quality checker", "taskName": null, "event": "start", "path": "examples\\sample_dataset.csv", "asctime": "2025-11-17 16:55:02"}
{"timestamp": "2025-11-17T21:55:02.402627Z", "level": "INFO", "logger": "dq_logger", "message": "Loading dataset", "taskName": null, "event": "load_start", "path": "examples\\sample_dataset.csv", "asctime": "2025-11-17 16:55:02"}
{"timestamp": "2025-11-17T21:55:02.420049Z", "level": "INFO", "logger": "dq_logger", "message": "Dataset loaded", "taskName": null, "event": "load_done", "path": "examples\\sample_dataset.csv", "n_rows": 20, "n_cols": 10, "asctime": "2025-11-17 16:55:02"}
{"timestamp": "2025-11-17T21:55:02.421748Z", "level": "WARNING", "logger": "dq_logger", "message": "Missing values detected", "taskName": null, "event": "missing_values", "column": "age", "missing_count": 1, "asctime": "2025-11-17 16:55:02"}
{"timestamp": "2025-11-17T21:55:02.421926Z", "level": "WARNING", "logger": "dq_logger", "message": "Missing values detected", "taskName": null, "event": "missing_values", "column": "income", "missing_count": 2, "asctime": "2025-11-17 16:55:02"}
{"timestamp": "2025-11-17T21:55:02.422030Z", "level": "WARNING", "logger": "dq_logger", "message": "Missing values detected", "taskName": null, "event": "missing_values", "column": "city", "missing_count": 2, "asctime": "2025-11-17 16:55:02"}
{"timestamp": "2025-11-17T21:55:02.430883Z", "level": "WARNING", "logger": "dq_logger", "message": "Negative values found in numeric column", "taskName": null, "event": "negative_values", "column": "age", "negative_count": 1, "asctime": "2025-11-17 16:55:02"}
{"timestamp": "2025-11-17T21:55:02.434983Z", "level": "INFO", "logger": "dq_logger", "message": "Column summary", "taskName": null, "event": "column_summary", "column": "id", "dtype": "int64", "unique_values": 20, "asctime": "2025-11-17 16:55:02"}
{"timestamp": "2025-11-17T21:55:02.436942Z", "level": "INFO", "logger": "dq_logger", "message": "Column summary", "taskName": null, "event": "column_summary", "column": "user_id", "dtype": "object", "unique_values": 20, "asctime": "2025-11-17 16:55:02"}
{"timestamp": "2025-11-17T21:55:02.437480Z", "level": "INFO", "logger": "dq_logger", "message": "Column summary", "taskName": null, "event": "column_summary", "column": "age", "dtype": "float64", "unique_values": 19, "asctime": "2025-11-17 16:55:02"}
{"timestamp": "2025-11-17T21:55:02.437710Z", "level": "INFO", "logger": "dq_logger", "message": "Column summary", "taskName": null, "event": "column_summary", "column": "income", "dtype": "float64", "unique_values": 18, "asctime": "2025-11-17 16:55:02"}
{"timestamp": "2025-11-17T21:55:02.437927Z", "level": "INFO", "logger": "dq_logger", "message": "Column summary", "taskName": null, "event": "column_summary", "column": "city", "dtype": "object", "unique_values": 9, "asctime": "2025-11-17 16:55:02"}
{"timestamp": "2025-11-17T21:55:02.438131Z", "level": "INFO", "logger": "dq_logger", "message": "Column summary", "taskName": null, "event": "column_summary", "column": "country", "dtype": "object", "unique_values": 1, "asctime": "2025-11-17 16:55:02"}
{"timestamp": "2025-11-17T21:55:02.438313Z", "level": "INFO", "logger": "dq_logger", "message": "Column summary", "taskName": null, "event": "column_summary", "column": "segment", "dtype": "object", "unique_values": 1, "asctime": "2025-11-17 16:55:02"}
{"timestamp": "2025-11-17T21:55:02.438501Z", "level": "INFO", "logger": "dq_logger", "message": "Column summary", "taskName": null, "event": "column_summary", "column": "signup_days_ago", "dtype": "int64", "unique_values": 17, "asctime": "2025-11-17 16:55:02"}
{"timestamp": "2025-11-17T21:55:02.438689Z", "level": "INFO", "logger": "dq_logger", "message": "Column summary", "taskName": null, "event": "column_summary", "column": "churned", "dtype": "int64", "unique_values": 2, "asctime": "2025-11-17 16:55:02"}
{"timestamp": "2025-11-17T21:55:02.438925Z", "level": "INFO", "logger": "dq_logger", "message": "Column summary", "taskName": null, "event": "column_summary", "column": "num_logins", "dtype": "int64", "unique_values": 18, "asctime": "2025-11-17 16:55:02"}
{"timestamp": "2025-11-17T21:55:02.439619Z", "level": "WARNING", "logger": "dq_logger", "message": "Constant column detected", "taskName": null, "event": "constant_column", "column": "country", "asctime": "2025-11-17 16:55:02"}
{"timestamp": "2025-11-17T21:55:02.439862Z", "level": "WARNING", "logger": "dq_logger", "message": "Constant column detected", "taskName": null, "event": "constant_column", "column": "segment", "asctime": "2025-11-17 16:55:02"}
{"timestamp": "2025-11-17T21:55:02.440552Z", "level": "WARNING", "logger": "dq_logger", "message": "High-cardinality categorical column detected", "taskName": null, "event": "high_cardinality", "column": "user_id", "unique_values": 20, "threshold": 5, "asctime": "2025-11-17 16:55:02"}
{"timestamp": "2025-11-17T21:55:02.440863Z", "level": "WARNING", "logger": "dq_logger", "message": "High-cardinality categorical column detected", "taskName": null, "event": "high_cardinality", "column": "city", "unique_values": 9, "threshold": 5, "asctime": "2025-11-17 16:55:02"}
{"timestamp": "2025-11-17T21:55:02.441807Z", "level": "WARNING", "logger": "dq_logger", "message": "Out-of-range values detected", "taskName": null, "event": "out_of_range", "column": "age", "min_allowed": 0.0, "max_allowed": 120.0, "actual_min": -3.0, "actual_max": 140.0, "out_of_range_count": 3, "asctime": "2025-11-17 16:55:02"}
{"timestamp": "2025-11-17T21:55:02.441974Z", "level": "INFO", "logger": "dq_logger", "message": "Quality checks completed", "taskName": null, "event": "quality_done", "path": "examples\\sample_dataset.csv", "asctime": "2025-11-17 16:55:02"}
{"timestamp": "2025-11-17T21:55:02.445616Z", "level": "INFO", "logger": "dq_logger", "message": "Dataset quality summary written", "taskName": null, "event": "summary_written", "output_path": "examples\\sample_dataset.quality_summary.json", "asctime": "2025-11-17 16:55:02"}
